<?xml version="1.0" encoding="UTF-8"?>
<!-- Generated by org.testng.reporters.JUnitReportReporter -->
<testsuite hostname="SNB-LAP" name="Test001" tests="2" failures="0" timestamp="10 Nov 2016 10:13:28 GMT" time="0.001" errors="0">
  <testcase name="test1" time="0.001" classname="Test001"/>
  <testcase name="test2" time="0.000" classname="Test001"/>
</testsuite> <!-- Test001 -->
